scripts/kconfig/conf  --silentoldconfig Kconfig
  SYSHDR  arch/x86/entry/syscalls/../../include/generated/asm/unistd_32_ia32.h
  SYSHDR  arch/x86/entry/syscalls/../../include/generated/asm/unistd_64_x32.h
  SYSTBL  arch/x86/entry/syscalls/../../include/generated/asm/syscalls_64.h
  HYPERCALLS arch/x86/entry/syscalls/../../include/generated/asm/xen-hypercalls.h
  HOSTCC  scripts/basic/bin2c
  CHK     include/config/kernel.release
  UPD     include/config/kernel.release
  WRAP    arch/x86/include/generated/asm/clkdev.h
  WRAP    arch/x86/include/generated/asm/cputime.h
  WRAP    arch/x86/include/generated/asm/dma-contiguous.h
  WRAP    arch/x86/include/generated/asm/early_ioremap.h
  WRAP    arch/x86/include/generated/asm/mcs_spinlock.h
  WRAP    arch/x86/include/generated/asm/mm-arch-hooks.h
  CHK     include/generated/uapi/linux/version.h
  UPD     include/generated/uapi/linux/version.h
  CHK     include/generated/utsrelease.h
  UPD     include/generated/utsrelease.h
  CC      arch/x86/purgatory/purgatory.o
  AS      arch/x86/purgatory/stack.o
  AS      arch/x86/purgatory/setup-x86_64.o
  CC      arch/x86/purgatory/sha256.o
  AS      arch/x86/purgatory/entry64.o
  CC      arch/x86/purgatory/string.o
  LD      arch/x86/purgatory/purgatory.ro
  BIN2C   arch/x86/purgatory/kexec-purgatory.c
  CHK     include/generated/timeconst.h
  UPD     include/generated/timeconst.h
  CC      kernel/bounds.s
  CHK     include/generated/bounds.h
  UPD     include/generated/bounds.h
  GEN     scripts/gdb/linux/constants.py
  CC      arch/x86/kernel/asm-offsets.s
  CHK     include/generated/asm-offsets.h
  UPD     include/generated/asm-offsets.h
  CALL    scripts/checksyscalls.sh
  HOSTCC  scripts/genksyms/genksyms.o
  SHIPPED scripts/genksyms/parse.tab.c
  HOSTCC  scripts/genksyms/parse.tab.o
  SHIPPED scripts/genksyms/lex.lex.c
  SHIPPED scripts/genksyms/keywords.hash.c
  SHIPPED scripts/genksyms/parse.tab.h
  HOSTCC  scripts/genksyms/lex.lex.o
  HOSTLD  scripts/genksyms/genksyms
  CC      scripts/mod/empty.o
  HOSTCC  scripts/mod/mk_elfconfig
  MKELF   scripts/mod/elfconfig.h
  HOSTCC  scripts/mod/modpost.o
  CC      scripts/mod/devicetable-offsets.s
  GEN     scripts/mod/devicetable-offsets.h
  HOSTCC  scripts/mod/file2alias.o
  HOSTCC  scripts/mod/sumversion.o
  HOSTLD  scripts/mod/modpost
  HOSTCC  scripts/selinux/genheaders/genheaders
  HOSTCC  scripts/selinux/mdp/mdp
  HOSTCC  scripts/kallsyms
  HOSTCC  scripts/conmakehash
  HOSTCC  scripts/recordmcount
  HOSTCC  scripts/sortextable
  HOSTCC  scripts/asn1_compiler
  HOSTCC  scripts/sign-file
  HOSTCC  scripts/extract-cert
  HOSTCC  scripts/insert-sys-cert
  CC      init/main.o
  CHK     include/generated/compile.h
  UPD     include/generated/compile.h
  CC      init/version.o
  CC      init/do_mounts.o
  CC      init/do_mounts_rd.o
  CC      init/do_mounts_initrd.o
  CC      init/do_mounts_md.o
  LD      init/mounts.o
  CC      init/initramfs.o
  CC      init/calibrate.o
  CC      init/init_task.o
  LD      init/built-in.o
  HOSTCC  usr/gen_init_cpio
  GEN     usr/initramfs_data.cpio.gz
  AS      usr/initramfs_data.o
  LD      usr/built-in.o
  CC      arch/x86/crypto/crc32c-intel_glue.o
  AS      arch/x86/crypto/crc32c-pcl-intel-asm_64.o
  LD      arch/x86/crypto/crc32c-intel.o
  LD      arch/x86/crypto/built-in.o
  CC [M]  arch/x86/crypto/glue_helper.o
  AS [M]  arch/x86/crypto/aes-x86_64-asm_64.o
  CC [M]  arch/x86/crypto/aes_glue.o
  LD [M]  arch/x86/crypto/aes-x86_64.o
  AS [M]  arch/x86/crypto/des3_ede-asm_64.o
  CC [M]  arch/x86/crypto/des3_ede_glue.o
  LD [M]  arch/x86/crypto/des3_ede-x86_64.o
  AS [M]  arch/x86/crypto/camellia-x86_64-asm_64.o
  CC [M]  arch/x86/crypto/camellia_glue.o
  LD [M]  arch/x86/crypto/camellia-x86_64.o
  AS [M]  arch/x86/crypto/blowfish-x86_64-asm_64.o
  CC [M]  arch/x86/crypto/blowfish_glue.o
  LD [M]  arch/x86/crypto/blowfish-x86_64.o
  AS [M]  arch/x86/crypto/twofish-x86_64-asm_64.o
  CC [M]  arch/x86/crypto/twofish_glue.o
  LD [M]  arch/x86/crypto/twofish-x86_64.o
  AS [M]  arch/x86/crypto/twofish-x86_64-asm_64-3way.o
  CC [M]  arch/x86/crypto/twofish_glue_3way.o
  LD [M]  arch/x86/crypto/twofish-x86_64-3way.o
  AS [M]  arch/x86/crypto/salsa20-x86_64-asm_64.o
  CC [M]  arch/x86/crypto/salsa20_glue.o
  LD [M]  arch/x86/crypto/salsa20-x86_64.o
  AS [M]  arch/x86/crypto/chacha20-ssse3-x86_64.o
  CC [M]  arch/x86/crypto/chacha20_glue.o
  AS [M]  arch/x86/crypto/chacha20-avx2-x86_64.o
  LD [M]  arch/x86/crypto/chacha20-x86_64.o
  AS [M]  arch/x86/crypto/serpent-sse2-x86_64-asm_64.o
  CC [M]  arch/x86/crypto/serpent_sse2_glue.o
  LD [M]  arch/x86/crypto/serpent-sse2-x86_64.o
  AS [M]  arch/x86/crypto/aesni-intel_asm.o
  CC [M]  arch/x86/crypto/aesni-intel_glue.o
  CC [M]  arch/x86/crypto/fpu.o
  AS [M]  arch/x86/crypto/aesni-intel_avx-x86_64.o
  AS [M]  arch/x86/crypto/aes_ctrby8_avx-x86_64.o
  LD [M]  arch/x86/crypto/aesni-intel.o
  AS [M]  arch/x86/crypto/ghash-clmulni-intel_asm.o
  CC [M]  arch/x86/crypto/ghash-clmulni-intel_glue.o
  LD [M]  arch/x86/crypto/ghash-clmulni-intel.o
  AS [M]  arch/x86/crypto/sha1_ssse3_asm.o
  CC [M]  arch/x86/crypto/sha1_ssse3_glue.o
  AS [M]  arch/x86/crypto/sha1_avx2_x86_64_asm.o
  AS [M]  arch/x86/crypto/sha1_ni_asm.o
  LD [M]  arch/x86/crypto/sha1-ssse3.o
  AS [M]  arch/x86/crypto/crc32-pclmul_asm.o
  CC [M]  arch/x86/crypto/crc32-pclmul_glue.o
  LD [M]  arch/x86/crypto/crc32-pclmul.o
  AS [M]  arch/x86/crypto/sha256-ssse3-asm.o
  AS [M]  arch/x86/crypto/sha256-avx-asm.o
  AS [M]  arch/x86/crypto/sha256-avx2-asm.o
  CC [M]  arch/x86/crypto/sha256_ssse3_glue.o
  AS [M]  arch/x86/crypto/sha256_ni_asm.o
  LD [M]  arch/x86/crypto/sha256-ssse3.o
  AS [M]  arch/x86/crypto/sha512-ssse3-asm.o
  AS [M]  arch/x86/crypto/sha512-avx-asm.o
  AS [M]  arch/x86/crypto/sha512-avx2-asm.o
  CC [M]  arch/x86/crypto/sha512_ssse3_glue.o
  LD [M]  arch/x86/crypto/sha512-ssse3.o
  AS [M]  arch/x86/crypto/crct10dif-pcl-asm_64.o
  CC [M]  arch/x86/crypto/crct10dif-pclmul_glue.o
  LD [M]  arch/x86/crypto/crct10dif-pclmul.o
  AS [M]  arch/x86/crypto/poly1305-sse2-x86_64.o
  CC [M]  arch/x86/crypto/poly1305_glue.o
  AS [M]  arch/x86/crypto/poly1305-avx2-x86_64.o
  LD [M]  arch/x86/crypto/poly1305-x86_64.o
  AS [M]  arch/x86/crypto/camellia-aesni-avx-asm_64.o
  CC [M]  arch/x86/crypto/camellia_aesni_avx_glue.o
  LD [M]  arch/x86/crypto/camellia-aesni-avx-x86_64.o
  AS [M]  arch/x86/crypto/cast5-avx-x86_64-asm_64.o
  CC [M]  arch/x86/crypto/cast5_avx_glue.o
  LD [M]  arch/x86/crypto/cast5-avx-x86_64.o
  AS [M]  arch/x86/crypto/cast6-avx-x86_64-asm_64.o
  CC [M]  arch/x86/crypto/cast6_avx_glue.o
  LD [M]  arch/x86/crypto/cast6-avx-x86_64.o
  AS [M]  arch/x86/crypto/twofish-avx-x86_64-asm_64.o
  CC [M]  arch/x86/crypto/twofish_avx_glue.o
  LD [M]  arch/x86/crypto/twofish-avx-x86_64.o
  AS [M]  arch/x86/crypto/serpent-avx-x86_64-asm_64.o
  CC [M]  arch/x86/crypto/serpent_avx_glue.o
  LD [M]  arch/x86/crypto/serpent-avx-x86_64.o
  AS [M]  arch/x86/crypto/camellia-aesni-avx2-asm_64.o
  CC [M]  arch/x86/crypto/camellia_aesni_avx2_glue.o
  LD [M]  arch/x86/crypto/camellia-aesni-avx2.o
  AS [M]  arch/x86/crypto/serpent-avx2-asm_64.o
  CC [M]  arch/x86/crypto/serpent_avx2_glue.o
  LD [M]  arch/x86/crypto/serpent-avx2.o
  LD      arch/x86/crypto/sha1-mb/built-in.o
  CC [M]  arch/x86/crypto/sha1-mb/sha1_mb.o
  AS [M]  arch/x86/crypto/sha1-mb/sha1_mb_mgr_flush_avx2.o
  CC [M]  arch/x86/crypto/sha1-mb/sha1_mb_mgr_init_avx2.o
  AS [M]  arch/x86/crypto/sha1-mb/sha1_mb_mgr_submit_avx2.o
  AS [M]  arch/x86/crypto/sha1-mb/sha1_x8_avx2.o
  LD [M]  arch/x86/crypto/sha1-mb/sha1-mb.o
  AS      arch/x86/entry/entry_64.o
  AS      arch/x86/entry/thunk_64.o
  CC      arch/x86/entry/syscall_64.o
  CC      arch/x86/entry/common.o
  CC      arch/x86/entry/vdso/vma.o
  CC      arch/x86/entry/vdso/vdso32-setup.o
  LDS     arch/x86/entry/vdso/vdso.lds
  AS      arch/x86/entry/vdso/vdso-note.o
  CC      arch/x86/entry/vdso/vclock_gettime.o
  CC      arch/x86/entry/vdso/vgetcpu.o
  VDSO    arch/x86/entry/vdso/vdso64.so.dbg
  HOSTCC  arch/x86/entry/vdso/vdso2c
  OBJCOPY arch/x86/entry/vdso/vdso64.so
  VDSO2C  arch/x86/entry/vdso/vdso-image-64.c
  CC      arch/x86/entry/vdso/vdso-image-64.o
  LDS     arch/x86/entry/vdso/vdsox32.lds
  X32     arch/x86/entry/vdso/vdso-note-x32.o
  X32     arch/x86/entry/vdso/vclock_gettime-x32.o
  X32     arch/x86/entry/vdso/vgetcpu-x32.o
  VDSO    arch/x86/entry/vdso/vdsox32.so.dbg
  OBJCOPY arch/x86/entry/vdso/vdsox32.so
  VDSO2C  arch/x86/entry/vdso/vdso-image-x32.c
  CC      arch/x86/entry/vdso/vdso-image-x32.o
  LDS     arch/x86/entry/vdso/vdso32/vdso32.lds
  CC      arch/x86/entry/vdso/vdso32/vclock_gettime.o
  AS      arch/x86/entry/vdso/vdso32/note.o
  AS      arch/x86/entry/vdso/vdso32/system_call.o
  AS      arch/x86/entry/vdso/vdso32/sigreturn.o
  VDSO    arch/x86/entry/vdso/vdso32.so.dbg
  OBJCOPY arch/x86/entry/vdso/vdso32.so
  VDSO2C  arch/x86/entry/vdso/vdso-image-32.c
  CC      arch/x86/entry/vdso/vdso-image-32.o
  LD      arch/x86/entry/vdso/built-in.o
  CC      arch/x86/entry/vsyscall/vsyscall_gtod.o
  CC      arch/x86/entry/vsyscall/vsyscall_64.o
  AS      arch/x86/entry/vsyscall/vsyscall_emu_64.o
  LD      arch/x86/entry/vsyscall/built-in.o
  AS      arch/x86/entry/entry_64_compat.o
  CC      arch/x86/entry/syscall_32.o
  LD      arch/x86/entry/built-in.o
  CC      arch/x86/events/core.o
  CC      arch/x86/events/amd/core.o
  CC      arch/x86/events/amd/uncore.o
  CC      arch/x86/events/amd/ibs.o
  CC      arch/x86/events/msr.o
  CC      arch/x86/events/amd/iommu.o
  CC      arch/x86/events/intel/core.o
  CC      arch/x86/events/intel/bts.o
  CC      arch/x86/events/intel/cqm.o
  CC      arch/x86/events/intel/ds.o
  CC      arch/x86/events/intel/knc.o
  CC      arch/x86/events/intel/lbr.o
  CC      arch/x86/events/intel/p4.o
  CC      arch/x86/events/intel/p6.o
  CC      arch/x86/events/intel/pt.o
  CC      arch/x86/events/intel/rapl.o
  LD      arch/x86/events/intel/intel-rapl-perf.o
  CC      arch/x86/events/intel/uncore.o
  CC      arch/x86/events/intel/uncore_nhmex.o
  CC      arch/x86/events/intel/uncore_snb.o
  CC      arch/x86/events/intel/uncore_snbep.o
  LD      arch/x86/events/intel/intel-uncore.o
  CC      arch/x86/events/intel/cstate.o
  LD      arch/x86/events/intel/intel-cstate.o
  LD      arch/x86/events/intel/built-in.o
  LD      arch/x86/events/built-in.o
  CC      arch/x86/ia32/sys_ia32.o
  CC      arch/x86/ia32/ia32_signal.o
  CC      arch/x86/ia32/audit.o
  LD      arch/x86/ia32/built-in.o
  CC      arch/x86/kernel/process_64.o
  CC      arch/x86/kernel/signal.o
  CC      arch/x86/kernel/signal_compat.o
  CC      arch/x86/kernel/traps.o
  CC      arch/x86/kernel/irq.o
  CC      arch/x86/kernel/irq_64.o
  CC      arch/x86/kernel/dumpstack_64.o
  CC      arch/x86/kernel/time.o
  CC      arch/x86/kernel/ioport.o
  CC      arch/x86/kernel/dumpstack.o
  CC      arch/x86/kernel/nmi.o
  CC      arch/x86/kernel/ldt.o
  CC      arch/x86/kernel/setup.o
  CC      arch/x86/kernel/x86_init.o
